<?xml version="1.0" encoding="UTF-8"?>
<testng-results ignored="0" total="1" passed="1" failed="0" skipped="0">
  <reporter-output>
  </reporter-output>
  <suite started-at="2023-07-17T21:12:18 IST" name="Default suite" finished-at="2023-07-17T21:12:30 IST" duration-ms="11923">
    <groups>
    </groups>
    <test started-at="2023-07-17T21:12:18 IST" name="Default test" finished-at="2023-07-17T21:12:30 IST" duration-ms="11923">
      <class name="Test.VJRLsampletest">
        <test-method is-config="true" signature="setUp()[pri:0, instance:Test.VJRLsampletest@470734c3]" started-at="2023-07-17T21:12:18 IST" name="setUp" finished-at="2023-07-17T21:12:26 IST" duration-ms="7614" status="PASS">
          <reporter-output>
          </reporter-output>
        </test-method> <!-- setUp -->
        <test-method signature="testcase()[pri:0, instance:Test.VJRLsampletest@470734c3]" started-at="2023-07-17T21:12:26 IST" name="testcase" finished-at="2023-07-17T21:12:30 IST" duration-ms="4176" status="PASS">
          <reporter-output>
          </reporter-output>
        </test-method> <!-- testcase -->
      </class> <!-- Test.VJRLsampletest -->
    </test> <!-- Default test -->
  </suite> <!-- Default suite -->
</testng-results>
